<?xml version="1.0" encoding="UTF-8"?>
<!-- Generated by org.testng.reporters.JUnitXMLReporter -->
<testsuite ignored="6" hostname="LAPTOP-M7JGN4KE" failures="0" tests="1" name="Default test" time="23.603" errors="0" timestamp="2024-07-18T12:55:47 IST">
  <testcase classname="acshomepage.tests.AcsHomePageValidations" name="testAcsHomePageButtons" time="2.526"/>
  <testcase classname="acshomepage.tests.AcsHomePageValidations" name="testAcsBackgroundImage" time="0.0">
    <ignored/>
  </testcase> <!-- testAcsBackgroundImage -->
  <testcase classname="acshomepage.tests.AcsHomePageValidations" name="testAcsHomePageBackgroundText" time="0.0">
    <ignored/>
  </testcase> <!-- testAcsHomePageBackgroundText -->
  <testcase classname="acshomepage.tests.AcsHomePageValidations" name="testAcsHomePageMontnlyAmounts" time="0.0">
    <ignored/>
  </testcase> <!-- testAcsHomePageMontnlyAmounts -->
  <testcase classname="acshomepage.tests.AcsHomePageValidations" name="testAcsHomePageTitle" time="0.0">
    <ignored/>
  </testcase> <!-- testAcsHomePageTitle -->
  <testcase classname="acshomepage.tests.AcsHomePageValidations" name="testAcsHomePageLinks" time="0.0">
    <ignored/>
  </testcase> <!-- testAcsHomePageLinks -->
  <testcase classname="acshomepage.tests.AcsHomePageValidations" name="testAcsHomePageOneTimeAmount" time="0.0">
    <ignored/>
  </testcase> <!-- testAcsHomePageOneTimeAmount -->
</testsuite> <!-- Default test -->
