<?xml version="1.0" encoding="UTF-8"?>
<testng-results ignored="0" total="1" passed="1" failed="0" skipped="0">
  <reporter-output>
  </reporter-output>
  <suite started-at="2024-07-18T12:55:24 IST" name="Default suite" finished-at="2024-07-18T12:55:47 IST" duration-ms="23603">
    <groups>
    </groups>
    <test started-at="2024-07-18T12:55:24 IST" name="Default test" finished-at="2024-07-18T12:55:47 IST" duration-ms="23603">
      <class name="acshomepage.tests.AcsHomePageValidations">
        <test-method is-config="true" signature="launchApplication()[pri:0, instance:acshomepage.tests.AcsHomePageValidations@2d901eb0]" started-at="2024-07-18T12:55:24 IST" name="launchApplication" finished-at="2024-07-18T12:55:44 IST" duration-ms="20714" status="PASS">
          <reporter-output>
          </reporter-output>
        </test-method> <!-- launchApplication -->
        <test-method signature="testAcsHomePageButtons()[pri:5, instance:acshomepage.tests.AcsHomePageValidations@2d901eb0]" started-at="2024-07-18T12:55:44 IST" name="testAcsHomePageButtons" finished-at="2024-07-18T12:55:47 IST" duration-ms="2526" status="PASS">
          <reporter-output>
          </reporter-output>
        </test-method> <!-- testAcsHomePageButtons -->
        <test-method is-config="true" signature="closeBrowser()[pri:0, instance:acshomepage.tests.AcsHomePageValidations@2d901eb0]" started-at="2024-07-18T12:55:47 IST" name="closeBrowser" finished-at="2024-07-18T12:55:47 IST" duration-ms="291" status="PASS">
          <reporter-output>
          </reporter-output>
        </test-method> <!-- closeBrowser -->
      </class> <!-- acshomepage.tests.AcsHomePageValidations -->
    </test> <!-- Default test -->
  </suite> <!-- Default suite -->
</testng-results>
