<?xml version="1.0" encoding="UTF-8"?>
<!-- Generated by org.testng.reporters.JUnitXMLReporter -->
<testsuite ignored="0" hostname="LAPTOP-M7JGN4KE" failures="0" tests="11" name="Test" time="193.071" errors="0" timestamp="2024-07-17T17:33:18 IST">
  <testcase classname="acshomepage.tests.AcsHomePageValidations" name="testAcsHomePageTitle" time="7.358"/>
  <testcase classname="acshomepage.tests.AcsHomePageValidations" name="testAcsBackgroundImage" time="0.08"/>
  <testcase classname="acshomepage.tests.AcsHomePageValidations" name="testAcsHomePageBackgroundText" time="0.049"/>
  <testcase classname="acshomepage.tests.AcsHomePageValidations" name="testAcsHomePageLinks" time="5.147"/>
  <testcase classname="acshomepage.tests.AcsHomePageValidations" name="testAcsHomePageButtons" time="0.912"/>
  <testcase classname="acshomepage.tests.AcsHomePageValidations" name="testAcsHomePageOneTimeAmount" time="0.531"/>
  <testcase classname="acshomepage.tests.AcsHomePageValidations" name="testAcsHomePageMontnlyAmounts" time="0.34"/>
  <testcase classname="acshomepage.tests.AcsOneTimeDonationViaCreditCard" name="testAcsOneTimeDonationFunctionViaCreditCard" time="10.148"/>
  <testcase classname="acshomepage.tests.AcsOneTimeDonationViaCreditCard" name="testAcsOneTimeDonationFunctionViaCreditCard" time="9.618"/>
  <testcase classname="acshomepage.tests.AcsMonthlyDonationViaCreditCard" name="testAcsMonthlyDonationFunctionViaCreditCard" time="10.286"/>
  <testcase classname="acshomepage.tests.AcsMonthlyDonationViaCreditCard" name="testAcsMonthlyDonationFunctionViaCreditCard" time="8.126"/>
</testsuite> <!-- Test -->
